<!DOCTYPE html PUBLIC "-//W3C//DTD XHTML 1.1//EN" "http://www.w3.org/TR/xhtml11/DTD/xhtml11.dtd">
<html xmlns="http://www.w3.org/1999/xhtml">
<head>
<meta http-equiv="content-type" content="text/html; charset=UTF-8"/>
<title>TestNG Report</title>
<style type="text/css">table {margin-bottom:10px;border-collapse:collapse;empty-cells:show}th,td {border:1px solid #009;padding:.25em .5em}th {vertical-align:bottom}td {vertical-align:top}table a {font-weight:bold}.stripe td {background-color: #E6EBF9}.num {text-align:right}.passedodd td {background-color: #3F3}.passedeven td {background-color: #0A0}.skippedodd td {background-color: #DDD}.skippedeven td {background-color: #CCC}.failedodd td,.attn {background-color: #F33}.failedeven td,.stripe .attn {background-color: #D00}.stacktrace {white-space:pre;font-family:monospace}.totop {font-size:85%;text-align:center;border-bottom:2px solid #000}.invisible {display:none}</style>
</head>
<body>
<table>
<tr><th>Test</th><th># Passed</th><th># Skipped</th><th># Failed</th><th>Time (ms)</th><th>Included Groups</th><th>Excluded Groups</th></tr>
<tr><th colspan="7">Suite</th></tr>
<tr><td><a href="#t0">Project</a></td><td class="num">7</td><td class="num attn">3</td><td class="num attn">11</td><td class="num">596,629</td><td></td><td></td></tr>
</table>
<table id='summary'><thead><tr><th>Class</th><th>Method</th><th>Start</th><th>Time (ms)</th></tr></thead><tbody><tr><th colspan="4">Suite</th></tr></tbody><tbody id="t0"><tr><th colspan="4">Project &#8212; failed</th></tr><tr class="failedeven"><td rowspan="11">com.aperture.testcases.Add_Project_Test</td><td><a href="#m0">addProjectNegativeCases</a></td><td rowspan="11">1554795834284</td><td rowspan="11">63034</td></tr><tr class="failedeven"><td><a href="#m1">addProjectNegativeCases</a></td></tr><tr class="failedeven"><td><a href="#m2">addProjectNegativeCases</a></td></tr><tr class="failedeven"><td><a href="#m3">addProjectNegativeCases</a></td></tr><tr class="failedeven"><td><a href="#m4">addProjectNegativeCases</a></td></tr><tr class="failedeven"><td><a href="#m5">addProjectNegativeCases</a></td></tr><tr class="failedeven"><td><a href="#m6">addProjectNegativeCases</a></td></tr><tr class="failedeven"><td><a href="#m7">addProjectNegativeCases</a></td></tr><tr class="failedeven"><td><a href="#m8">addProjectNegativeCases</a></td></tr><tr class="failedeven"><td><a href="#m9">addProjectNegativeCases</a></td></tr><tr class="failedeven"><td><a href="#m10">addProjectNegativeCases</a></td></tr><tr><th colspan="4">Project &#8212; skipped</th></tr><tr class="skippedeven"><td rowspan="3">com.aperture.testcases.Add_Project_Test</td><td><a href="#m11">addProjectNegativeCases</a></td><td rowspan="1">1554795728274</td><td rowspan="1">21037</td></tr><tr class="skippedeven"><td><a href="#m12">addProjectPositiveCases</a></td><td rowspan="1">1554795648137</td><td rowspan="1">4344</td></tr><tr class="skippedeven"><td><a href="#m13">runlogin</a></td><td rowspan="1">1554795611197</td><td rowspan="1">1589</td></tr><tr><th colspan="4">Project &#8212; passed</th></tr><tr class="passedeven"><td rowspan="7">com.aperture.testcases.Add_Project_Test</td><td><a href="#m14">addProjectPositiveCases</a></td><td rowspan="4">1554795621930</td><td rowspan="4">26204</td></tr><tr class="passedeven"><td><a href="#m15">addProjectPositiveCases</a></td></tr><tr class="passedeven"><td><a href="#m16">addProjectPositiveCases</a></td></tr><tr class="passedeven"><td><a href="#m17">addProjectPositiveCases</a></td></tr><tr class="passedeven"><td><a href="#m18">clickOnAddAccount</a></td><td rowspan="1">1554795620731</td><td rowspan="1">210</td></tr><tr class="passedeven"><td><a href="#m19">navigate_To_Project</a></td><td rowspan="1">1554795619956</td><td rowspan="1">771</td></tr><tr class="passedeven"><td><a href="#m20">runlogin</a></td><td rowspan="1">1554795612822</td><td rowspan="1">7129</td></tr></tbody>
</table>
<h2>Project</h2><h3 id="m0">com.aperture.testcases.Add_Project_Test#addProjectNegativeCases</h3><table class="result"><tr class="param"><th>Parameter #1</th><th>Parameter #2</th><th>Parameter #3</th><th>Parameter #4</th><th>Parameter #5</th><th>Parameter #6</th><th>Parameter #7</th><th>Parameter #8</th><th>Parameter #9</th><th>Parameter #10</th><th>Parameter #11</th><th>Parameter #12</th><th>Parameter #13</th><th>Parameter #14</th></tr><tr class="param stripe"><td>United Health </td><td>APRTG123$</td><td>Vandana%Jain</td><td>Itrack#$%</td><td>Apperture&amp;)@#&amp;$</td><td>Vandana$Jain</td><td>Vandana%Jain</td><td>Fix Bidded</td><td>United</td><td>Functional CMS,Functional CMS,Functional CMS</td><td>hold </td><td>PHP 12345 Selenium php</td><td>29-Feb-19</td><td>29-Feb-19</td></tr><tr><th colspan="14">Messages</th></tr><tr><td colspan="14"><div class="messages">Retrying test addProjectNegativeCases with status FAILURE</div></td></tr><tr><th colspan="14">Exception</th></tr><tr><td colspan="14"><div class="stacktrace">java.lang.AssertionError: OnShoreManager Passed
	at org.testng.Assert.fail(Assert.java:96)
	at com.aperture.reusablecode.AssertTest.assertInvalidValue(AssertTest.java:86)
	at com.aperture.testcases.Add_Project_Test.addProjectNegativeCases(Add_Project_Test.java:113)
	at sun.reflect.NativeMethodAccessorImpl.invoke0(Native Method)
	at sun.reflect.NativeMethodAccessorImpl.invoke(Unknown Source)
	at sun.reflect.DelegatingMethodAccessorImpl.invoke(Unknown Source)
	at java.lang.reflect.Method.invoke(Unknown Source)
	at org.testng.internal.MethodInvocationHelper.invokeMethod(MethodInvocationHelper.java:124)
	at org.testng.internal.Invoker.invokeMethod(Invoker.java:583)
	at org.testng.internal.Invoker.retryFailed(Invoker.java:839)
	at org.testng.internal.Invoker.invokeTestMethods(Invoker.java:1010)
	at org.testng.internal.TestMethodWorker.invokeTestMethods(TestMethodWorker.java:125)
	at org.testng.internal.TestMethodWorker.run(TestMethodWorker.java:109)
	at org.testng.TestRunner.privateRun(TestRunner.java:648)
	at org.testng.TestRunner.run(TestRunner.java:505)
	at org.testng.SuiteRunner.runTest(SuiteRunner.java:455)
	at org.testng.SuiteRunner.runSequentially(SuiteRunner.java:450)
	at org.testng.SuiteRunner.privateRun(SuiteRunner.java:415)
	at org.testng.SuiteRunner.run(SuiteRunner.java:364)
	at org.testng.SuiteRunnerWorker.runSuite(SuiteRunnerWorker.java:52)
	at org.testng.SuiteRunnerWorker.run(SuiteRunnerWorker.java:84)
	at org.testng.TestNG.runSuitesSequentially(TestNG.java:1208)
	at org.testng.TestNG.runSuitesLocally(TestNG.java:1137)
	at org.testng.TestNG.runSuites(TestNG.java:1049)
	at org.testng.TestNG.run(TestNG.java:1017)
	at org.testng.remote.AbstractRemoteTestNG.run(AbstractRemoteTestNG.java:114)
	at org.testng.remote.RemoteTestNG.initAndRun(RemoteTestNG.java:251)
	at org.testng.remote.RemoteTestNG.main(RemoteTestNG.java:77)
</div></td></tr></table><p class="totop"><a href="#summary">back to summary</a></p>
<h3 id="m1">com.aperture.testcases.Add_Project_Test#addProjectNegativeCases</h3><table class="result"><tr class="param"><th>Parameter #1</th><th>Parameter #2</th><th>Parameter #3</th><th>Parameter #4</th><th>Parameter #5</th><th>Parameter #6</th><th>Parameter #7</th><th>Parameter #8</th><th>Parameter #9</th><th>Parameter #10</th><th>Parameter #11</th><th>Parameter #12</th><th>Parameter #13</th><th>Parameter #14</th></tr><tr class="param stripe"><td>Mckenzie</td><td>MKNZ()</td><td>Vandana@Jain</td><td>Mckenize890+_)(*(</td><td>Apperture87348912</td><td>Vandana$Jain</td><td>Vandana%Jain</td><td>Fixed</td><td>Asia</td><td>Functional CMS,Commerce,Manual</td><td>Work </td><td>PHP PHP PHP PHP PHP</td><td>32-Mar-18</td><td>32-Mar-18</td></tr><tr><th colspan="14">Messages</th></tr><tr><td colspan="14"><div class="messages">Retrying test addProjectNegativeCases with status FAILURE</div></td></tr><tr><th colspan="14">Exception</th></tr><tr><td colspan="14"><div class="stacktrace">java.lang.AssertionError: Project Name Passed
	at org.testng.Assert.fail(Assert.java:96)
	at com.aperture.reusablecode.AssertTest.assertInvalidValue(AssertTest.java:86)
	at com.aperture.testcases.Add_Project_Test.addProjectNegativeCases(Add_Project_Test.java:111)
	at sun.reflect.NativeMethodAccessorImpl.invoke0(Native Method)
	at sun.reflect.NativeMethodAccessorImpl.invoke(Unknown Source)
	at sun.reflect.DelegatingMethodAccessorImpl.invoke(Unknown Source)
	at java.lang.reflect.Method.invoke(Unknown Source)
	at org.testng.internal.MethodInvocationHelper.invokeMethod(MethodInvocationHelper.java:124)
	at org.testng.internal.Invoker.invokeMethod(Invoker.java:583)
	at org.testng.internal.Invoker.retryFailed(Invoker.java:839)
	at org.testng.internal.Invoker.invokeTestMethods(Invoker.java:1010)
	at org.testng.internal.TestMethodWorker.invokeTestMethods(TestMethodWorker.java:125)
	at org.testng.internal.TestMethodWorker.run(TestMethodWorker.java:109)
	at org.testng.TestRunner.privateRun(TestRunner.java:648)
	at org.testng.TestRunner.run(TestRunner.java:505)
	at org.testng.SuiteRunner.runTest(SuiteRunner.java:455)
	at org.testng.SuiteRunner.runSequentially(SuiteRunner.java:450)
	at org.testng.SuiteRunner.privateRun(SuiteRunner.java:415)
	at org.testng.SuiteRunner.run(SuiteRunner.java:364)
	at org.testng.SuiteRunnerWorker.runSuite(SuiteRunnerWorker.java:52)
	at org.testng.SuiteRunnerWorker.run(SuiteRunnerWorker.java:84)
	at org.testng.TestNG.runSuitesSequentially(TestNG.java:1208)
	at org.testng.TestNG.runSuitesLocally(TestNG.java:1137)
	at org.testng.TestNG.runSuites(TestNG.java:1049)
	at org.testng.TestNG.run(TestNG.java:1017)
	at org.testng.remote.AbstractRemoteTestNG.run(AbstractRemoteTestNG.java:114)
	at org.testng.remote.RemoteTestNG.initAndRun(RemoteTestNG.java:251)
	at org.testng.remote.RemoteTestNG.main(RemoteTestNG.java:77)
</div></td></tr></table><p class="totop"><a href="#summary">back to summary</a></p>
<h3 id="m2">com.aperture.testcases.Add_Project_Test#addProjectNegativeCases</h3><table class="result"><tr class="param"><th>Parameter #1</th><th>Parameter #2</th><th>Parameter #3</th><th>Parameter #4</th><th>Parameter #5</th><th>Parameter #6</th><th>Parameter #7</th><th>Parameter #8</th><th>Parameter #9</th><th>Parameter #10</th><th>Parameter #11</th><th>Parameter #12</th><th>Parameter #13</th><th>Parameter #14</th></tr><tr class="param stripe"><td>United Health Group</td><td>APRTG123$</td><td>Vandana%Jain</td><td>Itrack#$%</td><td>Apperture&amp;)@#&amp;$</td><td>Vandana$Jain</td><td>Vandana%Jain</td><td>Fix Bidded</td><td>United</td><td>Functional CMS,Functional CMS,Functional CMS</td><td>Work in Progress</td><td>PHP 12345 Selenium php</td><td>99-99-9999</td><td>05-05-0000</td></tr><tr><th colspan="14">Messages</th></tr><tr><td colspan="14"><div class="messages">Retrying test addProjectNegativeCases with status FAILURE</div></td></tr><tr><th colspan="14">Exception</th></tr><tr><td colspan="14"><div class="stacktrace">java.lang.AssertionError: OnShoreManager Passed
	at org.testng.Assert.fail(Assert.java:96)
	at com.aperture.reusablecode.AssertTest.assertInvalidValue(AssertTest.java:86)
	at com.aperture.testcases.Add_Project_Test.addProjectNegativeCases(Add_Project_Test.java:113)
	at sun.reflect.NativeMethodAccessorImpl.invoke0(Native Method)
	at sun.reflect.NativeMethodAccessorImpl.invoke(Unknown Source)
	at sun.reflect.DelegatingMethodAccessorImpl.invoke(Unknown Source)
	at java.lang.reflect.Method.invoke(Unknown Source)
	at org.testng.internal.MethodInvocationHelper.invokeMethod(MethodInvocationHelper.java:124)
	at org.testng.internal.Invoker.invokeMethod(Invoker.java:583)
	at org.testng.internal.Invoker.retryFailed(Invoker.java:839)
	at org.testng.internal.Invoker.invokeTestMethods(Invoker.java:1010)
	at org.testng.internal.TestMethodWorker.invokeTestMethods(TestMethodWorker.java:125)
	at org.testng.internal.TestMethodWorker.run(TestMethodWorker.java:109)
	at org.testng.TestRunner.privateRun(TestRunner.java:648)
	at org.testng.TestRunner.run(TestRunner.java:505)
	at org.testng.SuiteRunner.runTest(SuiteRunner.java:455)
	at org.testng.SuiteRunner.runSequentially(SuiteRunner.java:450)
	at org.testng.SuiteRunner.privateRun(SuiteRunner.java:415)
	at org.testng.SuiteRunner.run(SuiteRunner.java:364)
	at org.testng.SuiteRunnerWorker.runSuite(SuiteRunnerWorker.java:52)
	at org.testng.SuiteRunnerWorker.run(SuiteRunnerWorker.java:84)
	at org.testng.TestNG.runSuitesSequentially(TestNG.java:1208)
	at org.testng.TestNG.runSuitesLocally(TestNG.java:1137)
	at org.testng.TestNG.runSuites(TestNG.java:1049)
	at org.testng.TestNG.run(TestNG.java:1017)
	at org.testng.remote.AbstractRemoteTestNG.run(AbstractRemoteTestNG.java:114)
	at org.testng.remote.RemoteTestNG.initAndRun(RemoteTestNG.java:251)
	at org.testng.remote.RemoteTestNG.main(RemoteTestNG.java:77)
</div></td></tr></table><p class="totop"><a href="#summary">back to summary</a></p>
<h3 id="m3">com.aperture.testcases.Add_Project_Test#addProjectNegativeCases</h3><table class="result"><tr class="param"><th>Parameter #1</th><th>Parameter #2</th><th>Parameter #3</th><th>Parameter #4</th><th>Parameter #5</th><th>Parameter #6</th><th>Parameter #7</th><th>Parameter #8</th><th>Parameter #9</th><th>Parameter #10</th><th>Parameter #11</th><th>Parameter #12</th><th>Parameter #13</th><th>Parameter #14</th></tr><tr class="param stripe"><td>Rodan + Fields</td><td>RND#</td><td>Vandana Malik</td><td>Itrack()</td><td>Apperture()</td><td>Vandana Jain</td><td>Vandana Jain</td><td>Investmemt</td><td>Indiaae</td><td>Fnctional CMS,Cmmerce,Funtional Commerce</td><td>        </td><td>PHP Java $*%*$@)</td><td>05-05-0000</td><td>05-05-0000</td></tr><tr><th colspan="14">Messages</th></tr><tr><td colspan="14"><div class="messages">Retrying test addProjectNegativeCases with status FAILURE</div></td></tr><tr><th colspan="14">Exception</th></tr><tr><td colspan="14"><div class="stacktrace">java.lang.AssertionError: Customer Manager Passed
	at org.testng.Assert.fail(Assert.java:96)
	at com.aperture.reusablecode.AssertTest.assertInvalidValue(AssertTest.java:86)
	at com.aperture.testcases.Add_Project_Test.addProjectNegativeCases(Add_Project_Test.java:107)
	at sun.reflect.NativeMethodAccessorImpl.invoke0(Native Method)
	at sun.reflect.NativeMethodAccessorImpl.invoke(Unknown Source)
	at sun.reflect.DelegatingMethodAccessorImpl.invoke(Unknown Source)
	at java.lang.reflect.Method.invoke(Unknown Source)
	at org.testng.internal.MethodInvocationHelper.invokeMethod(MethodInvocationHelper.java:124)
	at org.testng.internal.Invoker.invokeMethod(Invoker.java:583)
	at org.testng.internal.Invoker.invokeTestMethod(Invoker.java:719)
	at org.testng.internal.Invoker.invokeTestMethods(Invoker.java:989)
	at org.testng.internal.TestMethodWorker.invokeTestMethods(TestMethodWorker.java:125)
	at org.testng.internal.TestMethodWorker.run(TestMethodWorker.java:109)
	at org.testng.TestRunner.privateRun(TestRunner.java:648)
	at org.testng.TestRunner.run(TestRunner.java:505)
	at org.testng.SuiteRunner.runTest(SuiteRunner.java:455)
	at org.testng.SuiteRunner.runSequentially(SuiteRunner.java:450)
	at org.testng.SuiteRunner.privateRun(SuiteRunner.java:415)
	at org.testng.SuiteRunner.run(SuiteRunner.java:364)
	at org.testng.SuiteRunnerWorker.runSuite(SuiteRunnerWorker.java:52)
	at org.testng.SuiteRunnerWorker.run(SuiteRunnerWorker.java:84)
	at org.testng.TestNG.runSuitesSequentially(TestNG.java:1208)
	at org.testng.TestNG.runSuitesLocally(TestNG.java:1137)
	at org.testng.TestNG.runSuites(TestNG.java:1049)
	at org.testng.TestNG.run(TestNG.java:1017)
	at org.testng.remote.AbstractRemoteTestNG.run(AbstractRemoteTestNG.java:114)
	at org.testng.remote.RemoteTestNG.initAndRun(RemoteTestNG.java:251)
	at org.testng.remote.RemoteTestNG.main(RemoteTestNG.java:77)
</div></td></tr></table><p class="totop"><a href="#summary">back to summary</a></p>
<h3 id="m4">com.aperture.testcases.Add_Project_Test#addProjectNegativeCases</h3><table class="result"><tr class="param"><th>Parameter #1</th><th>Parameter #2</th><th>Parameter #3</th><th>Parameter #4</th><th>Parameter #5</th><th>Parameter #6</th><th>Parameter #7</th><th>Parameter #8</th><th>Parameter #9</th><th>Parameter #10</th><th>Parameter #11</th><th>Parameter #12</th><th>Parameter #13</th><th>Parameter #14</th></tr><tr class="param stripe"><td>eeee</td><td>MKNZ()</td><td>Vandana@Jain</td><td>Mckenize 890</td><td>Apperture87348912</td><td>Vandana$Jain</td><td>Vandana%Jain</td><td>Fixed</td><td>Asia</td><td>Functional CMS,Commerce,Manual</td><td>Work in Progress</td><td>PHP PHP PHP PHP PHP</td><td>32-Mar-18</td><td>29-Feb-19</td></tr><tr><th colspan="14">Messages</th></tr><tr><td colspan="14"><div class="messages">Retrying test addProjectNegativeCases with status FAILURE</div></td></tr><tr><th colspan="14">Exception</th></tr><tr><td colspan="14"><div class="stacktrace">java.lang.AssertionError: Customer Project Name Passed
	at org.testng.Assert.fail(Assert.java:96)
	at com.aperture.reusablecode.AssertTest.assertInvalidValue(AssertTest.java:86)
	at com.aperture.testcases.Add_Project_Test.addProjectNegativeCases(Add_Project_Test.java:109)
	at sun.reflect.NativeMethodAccessorImpl.invoke0(Native Method)
	at sun.reflect.NativeMethodAccessorImpl.invoke(Unknown Source)
	at sun.reflect.DelegatingMethodAccessorImpl.invoke(Unknown Source)
	at java.lang.reflect.Method.invoke(Unknown Source)
	at org.testng.internal.MethodInvocationHelper.invokeMethod(MethodInvocationHelper.java:124)
	at org.testng.internal.Invoker.invokeMethod(Invoker.java:583)
	at org.testng.internal.Invoker.retryFailed(Invoker.java:839)
	at org.testng.internal.Invoker.invokeTestMethods(Invoker.java:1010)
	at org.testng.internal.TestMethodWorker.invokeTestMethods(TestMethodWorker.java:125)
	at org.testng.internal.TestMethodWorker.run(TestMethodWorker.java:109)
	at org.testng.TestRunner.privateRun(TestRunner.java:648)
	at org.testng.TestRunner.run(TestRunner.java:505)
	at org.testng.SuiteRunner.runTest(SuiteRunner.java:455)
	at org.testng.SuiteRunner.runSequentially(SuiteRunner.java:450)
	at org.testng.SuiteRunner.privateRun(SuiteRunner.java:415)
	at org.testng.SuiteRunner.run(SuiteRunner.java:364)
	at org.testng.SuiteRunnerWorker.runSuite(SuiteRunnerWorker.java:52)
	at org.testng.SuiteRunnerWorker.run(SuiteRunnerWorker.java:84)
	at org.testng.TestNG.runSuitesSequentially(TestNG.java:1208)
	at org.testng.TestNG.runSuitesLocally(TestNG.java:1137)
	at org.testng.TestNG.runSuites(TestNG.java:1049)
	at org.testng.TestNG.run(TestNG.java:1017)
	at org.testng.remote.AbstractRemoteTestNG.run(AbstractRemoteTestNG.java:114)
	at org.testng.remote.RemoteTestNG.initAndRun(RemoteTestNG.java:251)
	at org.testng.remote.RemoteTestNG.main(RemoteTestNG.java:77)
</div></td></tr></table><p class="totop"><a href="#summary">back to summary</a></p>
<h3 id="m5">com.aperture.testcases.Add_Project_Test#addProjectNegativeCases</h3><table class="result"><tr class="param"><th>Parameter #1</th><th>Parameter #2</th><th>Parameter #3</th><th>Parameter #4</th><th>Parameter #5</th><th>Parameter #6</th><th>Parameter #7</th><th>Parameter #8</th><th>Parameter #9</th><th>Parameter #10</th><th>Parameter #11</th><th>Parameter #12</th><th>Parameter #13</th><th>Parameter #14</th></tr><tr class="param stripe"><td>United Health </td><td>APRTG123$</td><td>Vandana%Jain</td><td>Itrack#$%</td><td>Apperture&amp;)@#&amp;$</td><td>Vandana$Jain</td><td>Vandana%Jain</td><td>Fix Bidded</td><td>United</td><td>Functional CMS,Functional CMS,Functional CMS</td><td>hold </td><td>PHP 12345 Selenium php</td><td>29-Feb-19</td><td>29-Feb-19</td></tr><tr><th colspan="14">Messages</th></tr><tr><td colspan="14"><div class="messages">Retrying test addProjectNegativeCases with status FAILURE</div></td></tr><tr><th colspan="14">Exception</th></tr><tr><td colspan="14"><div class="stacktrace">java.lang.AssertionError: OnShoreManager Passed
	at org.testng.Assert.fail(Assert.java:96)
	at com.aperture.reusablecode.AssertTest.assertInvalidValue(AssertTest.java:86)
	at com.aperture.testcases.Add_Project_Test.addProjectNegativeCases(Add_Project_Test.java:113)
	at sun.reflect.NativeMethodAccessorImpl.invoke0(Native Method)
	at sun.reflect.NativeMethodAccessorImpl.invoke(Unknown Source)
	at sun.reflect.DelegatingMethodAccessorImpl.invoke(Unknown Source)
	at java.lang.reflect.Method.invoke(Unknown Source)
	at org.testng.internal.MethodInvocationHelper.invokeMethod(MethodInvocationHelper.java:124)
	at org.testng.internal.Invoker.invokeMethod(Invoker.java:583)
	at org.testng.internal.Invoker.invokeTestMethod(Invoker.java:719)
	at org.testng.internal.Invoker.invokeTestMethods(Invoker.java:989)
	at org.testng.internal.TestMethodWorker.invokeTestMethods(TestMethodWorker.java:125)
	at org.testng.internal.TestMethodWorker.run(TestMethodWorker.java:109)
	at org.testng.TestRunner.privateRun(TestRunner.java:648)
	at org.testng.TestRunner.run(TestRunner.java:505)
	at org.testng.SuiteRunner.runTest(SuiteRunner.java:455)
	at org.testng.SuiteRunner.runSequentially(SuiteRunner.java:450)
	at org.testng.SuiteRunner.privateRun(SuiteRunner.java:415)
	at org.testng.SuiteRunner.run(SuiteRunner.java:364)
	at org.testng.SuiteRunnerWorker.runSuite(SuiteRunnerWorker.java:52)
	at org.testng.SuiteRunnerWorker.run(SuiteRunnerWorker.java:84)
	at org.testng.TestNG.runSuitesSequentially(TestNG.java:1208)
	at org.testng.TestNG.runSuitesLocally(TestNG.java:1137)
	at org.testng.TestNG.runSuites(TestNG.java:1049)
	at org.testng.TestNG.run(TestNG.java:1017)
	at org.testng.remote.AbstractRemoteTestNG.run(AbstractRemoteTestNG.java:114)
	at org.testng.remote.RemoteTestNG.initAndRun(RemoteTestNG.java:251)
	at org.testng.remote.RemoteTestNG.main(RemoteTestNG.java:77)
</div></td></tr></table><p class="totop"><a href="#summary">back to summary</a></p>
<h3 id="m6">com.aperture.testcases.Add_Project_Test#addProjectNegativeCases</h3><table class="result"><tr class="param"><th>Parameter #1</th><th>Parameter #2</th><th>Parameter #3</th><th>Parameter #4</th><th>Parameter #5</th><th>Parameter #6</th><th>Parameter #7</th><th>Parameter #8</th><th>Parameter #9</th><th>Parameter #10</th><th>Parameter #11</th><th>Parameter #12</th><th>Parameter #13</th><th>Parameter #14</th></tr><tr class="param stripe"><td>Mckenzie</td><td>MKNZ()</td><td>Vandana@Jain</td><td>Mckenize890+_)(*(</td><td>Apperture87348912</td><td>Vandana$Jain</td><td>Vandana%Jain</td><td>Fixed</td><td>Asia</td><td>Functional CMS,Commerce,Manual</td><td>Work </td><td>PHP PHP PHP PHP PHP</td><td>32-Mar-18</td><td>32-Mar-18</td></tr><tr><th colspan="14">Messages</th></tr><tr><td colspan="14"><div class="messages">Retrying test addProjectNegativeCases with status FAILURE</div></td></tr><tr><th colspan="14">Exception</th></tr><tr><td colspan="14"><div class="stacktrace">java.lang.AssertionError: Project Name Passed
	at org.testng.Assert.fail(Assert.java:96)
	at com.aperture.reusablecode.AssertTest.assertInvalidValue(AssertTest.java:86)
	at com.aperture.testcases.Add_Project_Test.addProjectNegativeCases(Add_Project_Test.java:111)
	at sun.reflect.NativeMethodAccessorImpl.invoke0(Native Method)
	at sun.reflect.NativeMethodAccessorImpl.invoke(Unknown Source)
	at sun.reflect.DelegatingMethodAccessorImpl.invoke(Unknown Source)
	at java.lang.reflect.Method.invoke(Unknown Source)
	at org.testng.internal.MethodInvocationHelper.invokeMethod(MethodInvocationHelper.java:124)
	at org.testng.internal.Invoker.invokeMethod(Invoker.java:583)
	at org.testng.internal.Invoker.invokeTestMethod(Invoker.java:719)
	at org.testng.internal.Invoker.invokeTestMethods(Invoker.java:989)
	at org.testng.internal.TestMethodWorker.invokeTestMethods(TestMethodWorker.java:125)
	at org.testng.internal.TestMethodWorker.run(TestMethodWorker.java:109)
	at org.testng.TestRunner.privateRun(TestRunner.java:648)
	at org.testng.TestRunner.run(TestRunner.java:505)
	at org.testng.SuiteRunner.runTest(SuiteRunner.java:455)
	at org.testng.SuiteRunner.runSequentially(SuiteRunner.java:450)
	at org.testng.SuiteRunner.privateRun(SuiteRunner.java:415)
	at org.testng.SuiteRunner.run(SuiteRunner.java:364)
	at org.testng.SuiteRunnerWorker.runSuite(SuiteRunnerWorker.java:52)
	at org.testng.SuiteRunnerWorker.run(SuiteRunnerWorker.java:84)
	at org.testng.TestNG.runSuitesSequentially(TestNG.java:1208)
	at org.testng.TestNG.runSuitesLocally(TestNG.java:1137)
	at org.testng.TestNG.runSuites(TestNG.java:1049)
	at org.testng.TestNG.run(TestNG.java:1017)
	at org.testng.remote.AbstractRemoteTestNG.run(AbstractRemoteTestNG.java:114)
	at org.testng.remote.RemoteTestNG.initAndRun(RemoteTestNG.java:251)
	at org.testng.remote.RemoteTestNG.main(RemoteTestNG.java:77)
</div></td></tr></table><p class="totop"><a href="#summary">back to summary</a></p>
<h3 id="m7">com.aperture.testcases.Add_Project_Test#addProjectNegativeCases</h3><table class="result"><tr class="param"><th>Parameter #1</th><th>Parameter #2</th><th>Parameter #3</th><th>Parameter #4</th><th>Parameter #5</th><th>Parameter #6</th><th>Parameter #7</th><th>Parameter #8</th><th>Parameter #9</th><th>Parameter #10</th><th>Parameter #11</th><th>Parameter #12</th><th>Parameter #13</th><th>Parameter #14</th></tr><tr class="param stripe"><td>United Health Group</td><td>APRTG123$</td><td>Vandana%Jain</td><td>Itrack#$%</td><td>Apperture&amp;)@#&amp;$</td><td>Vandana$Jain</td><td>Vandana%Jain</td><td>Fix Bidded</td><td>United</td><td>Functional CMS,Functional CMS,Functional CMS</td><td>Work in Progress</td><td>PHP 12345 Selenium php</td><td>99-99-9999</td><td>05-05-0000</td></tr><tr><th colspan="14">Messages</th></tr><tr><td colspan="14"><div class="messages">Retrying test addProjectNegativeCases with status FAILURE</div></td></tr><tr><th colspan="14">Exception</th></tr><tr><td colspan="14"><div class="stacktrace">java.lang.AssertionError: OnShoreManager Passed
	at org.testng.Assert.fail(Assert.java:96)
	at com.aperture.reusablecode.AssertTest.assertInvalidValue(AssertTest.java:86)
	at com.aperture.testcases.Add_Project_Test.addProjectNegativeCases(Add_Project_Test.java:113)
	at sun.reflect.NativeMethodAccessorImpl.invoke0(Native Method)
	at sun.reflect.NativeMethodAccessorImpl.invoke(Unknown Source)
	at sun.reflect.DelegatingMethodAccessorImpl.invoke(Unknown Source)
	at java.lang.reflect.Method.invoke(Unknown Source)
	at org.testng.internal.MethodInvocationHelper.invokeMethod(MethodInvocationHelper.java:124)
	at org.testng.internal.Invoker.invokeMethod(Invoker.java:583)
	at org.testng.internal.Invoker.invokeTestMethod(Invoker.java:719)
	at org.testng.internal.Invoker.invokeTestMethods(Invoker.java:989)
	at org.testng.internal.TestMethodWorker.invokeTestMethods(TestMethodWorker.java:125)
	at org.testng.internal.TestMethodWorker.run(TestMethodWorker.java:109)
	at org.testng.TestRunner.privateRun(TestRunner.java:648)
	at org.testng.TestRunner.run(TestRunner.java:505)
	at org.testng.SuiteRunner.runTest(SuiteRunner.java:455)
	at org.testng.SuiteRunner.runSequentially(SuiteRunner.java:450)
	at org.testng.SuiteRunner.privateRun(SuiteRunner.java:415)
	at org.testng.SuiteRunner.run(SuiteRunner.java:364)
	at org.testng.SuiteRunnerWorker.runSuite(SuiteRunnerWorker.java:52)
	at org.testng.SuiteRunnerWorker.run(SuiteRunnerWorker.java:84)
	at org.testng.TestNG.runSuitesSequentially(TestNG.java:1208)
	at org.testng.TestNG.runSuitesLocally(TestNG.java:1137)
	at org.testng.TestNG.runSuites(TestNG.java:1049)
	at org.testng.TestNG.run(TestNG.java:1017)
	at org.testng.remote.AbstractRemoteTestNG.run(AbstractRemoteTestNG.java:114)
	at org.testng.remote.RemoteTestNG.initAndRun(RemoteTestNG.java:251)
	at org.testng.remote.RemoteTestNG.main(RemoteTestNG.java:77)
</div></td></tr></table><p class="totop"><a href="#summary">back to summary</a></p>
<h3 id="m8">com.aperture.testcases.Add_Project_Test#addProjectNegativeCases</h3><table class="result"><tr class="param"><th>Parameter #1</th><th>Parameter #2</th><th>Parameter #3</th><th>Parameter #4</th><th>Parameter #5</th><th>Parameter #6</th><th>Parameter #7</th><th>Parameter #8</th><th>Parameter #9</th><th>Parameter #10</th><th>Parameter #11</th><th>Parameter #12</th><th>Parameter #13</th><th>Parameter #14</th></tr><tr class="param stripe"><td>Rodan </td><td>RND#</td><td>Vandana Malik</td><td>Itrack_ _ _</td><td>Apperture  mkl</td><td>Vandana,Jain</td><td>VandanaJain</td><td>Investmemt</td><td>Indiaae</td><td>Fnctional CMS,Cmmerce,Funtional Commerce</td><td>        </td><td>PHP Java $*%*$@)</td><td>05-05-0000</td><td>05-05-0000</td></tr><tr><th colspan="14">Messages</th></tr><tr><td colspan="14"><div class="messages">Retrying test addProjectNegativeCases with status FAILURE</div></td></tr><tr><th colspan="14">Exception</th></tr><tr><td colspan="14"><div class="stacktrace">java.lang.AssertionError: Customer Manager Passed
	at org.testng.Assert.fail(Assert.java:96)
	at com.aperture.reusablecode.AssertTest.assertInvalidValue(AssertTest.java:86)
	at com.aperture.testcases.Add_Project_Test.addProjectNegativeCases(Add_Project_Test.java:107)
	at sun.reflect.NativeMethodAccessorImpl.invoke0(Native Method)
	at sun.reflect.NativeMethodAccessorImpl.invoke(Unknown Source)
	at sun.reflect.DelegatingMethodAccessorImpl.invoke(Unknown Source)
	at java.lang.reflect.Method.invoke(Unknown Source)
	at org.testng.internal.MethodInvocationHelper.invokeMethod(MethodInvocationHelper.java:124)
	at org.testng.internal.Invoker.invokeMethod(Invoker.java:583)
	at org.testng.internal.Invoker.retryFailed(Invoker.java:839)
	at org.testng.internal.Invoker.invokeTestMethods(Invoker.java:1010)
	at org.testng.internal.TestMethodWorker.invokeTestMethods(TestMethodWorker.java:125)
	at org.testng.internal.TestMethodWorker.run(TestMethodWorker.java:109)
	at org.testng.TestRunner.privateRun(TestRunner.java:648)
	at org.testng.TestRunner.run(TestRunner.java:505)
	at org.testng.SuiteRunner.runTest(SuiteRunner.java:455)
	at org.testng.SuiteRunner.runSequentially(SuiteRunner.java:450)
	at org.testng.SuiteRunner.privateRun(SuiteRunner.java:415)
	at org.testng.SuiteRunner.run(SuiteRunner.java:364)
	at org.testng.SuiteRunnerWorker.runSuite(SuiteRunnerWorker.java:52)
	at org.testng.SuiteRunnerWorker.run(SuiteRunnerWorker.java:84)
	at org.testng.TestNG.runSuitesSequentially(TestNG.java:1208)
	at org.testng.TestNG.runSuitesLocally(TestNG.java:1137)
	at org.testng.TestNG.runSuites(TestNG.java:1049)
	at org.testng.TestNG.run(TestNG.java:1017)
	at org.testng.remote.AbstractRemoteTestNG.run(AbstractRemoteTestNG.java:114)
	at org.testng.remote.RemoteTestNG.initAndRun(RemoteTestNG.java:251)
	at org.testng.remote.RemoteTestNG.main(RemoteTestNG.java:77)
</div></td></tr></table><p class="totop"><a href="#summary">back to summary</a></p>
<h3 id="m9">com.aperture.testcases.Add_Project_Test#addProjectNegativeCases</h3><table class="result"><tr class="param"><th>Parameter #1</th><th>Parameter #2</th><th>Parameter #3</th><th>Parameter #4</th><th>Parameter #5</th><th>Parameter #6</th><th>Parameter #7</th><th>Parameter #8</th><th>Parameter #9</th><th>Parameter #10</th><th>Parameter #11</th><th>Parameter #12</th><th>Parameter #13</th><th>Parameter #14</th></tr><tr class="param stripe"><td>Rodan + Fields</td><td>RND#</td><td>Vandana Malik</td><td>Itrack()</td><td>Apperture()</td><td>Vandana Jain</td><td>Vandana Jain</td><td>Investmemt</td><td>Indiaae</td><td>Fnctional CMS,Cmmerce,Funtional Commerce</td><td>        </td><td>PHP Java $*%*$@)</td><td>05-05-0000</td><td>05-05-0000</td></tr><tr><th colspan="14">Messages</th></tr><tr><td colspan="14"><div class="messages">Retrying test addProjectNegativeCases with status FAILURE</div></td></tr><tr><th colspan="14">Exception</th></tr><tr><td colspan="14"><div class="stacktrace">java.lang.AssertionError: Customer Manager Passed
	at org.testng.Assert.fail(Assert.java:96)
	at com.aperture.reusablecode.AssertTest.assertInvalidValue(AssertTest.java:86)
	at com.aperture.testcases.Add_Project_Test.addProjectNegativeCases(Add_Project_Test.java:107)
	at sun.reflect.NativeMethodAccessorImpl.invoke0(Native Method)
	at sun.reflect.NativeMethodAccessorImpl.invoke(Unknown Source)
	at sun.reflect.DelegatingMethodAccessorImpl.invoke(Unknown Source)
	at java.lang.reflect.Method.invoke(Unknown Source)
	at org.testng.internal.MethodInvocationHelper.invokeMethod(MethodInvocationHelper.java:124)
	at org.testng.internal.Invoker.invokeMethod(Invoker.java:583)
	at org.testng.internal.Invoker.retryFailed(Invoker.java:839)
	at org.testng.internal.Invoker.invokeTestMethods(Invoker.java:1010)
	at org.testng.internal.TestMethodWorker.invokeTestMethods(TestMethodWorker.java:125)
	at org.testng.internal.TestMethodWorker.run(TestMethodWorker.java:109)
	at org.testng.TestRunner.privateRun(TestRunner.java:648)
	at org.testng.TestRunner.run(TestRunner.java:505)
	at org.testng.SuiteRunner.runTest(SuiteRunner.java:455)
	at org.testng.SuiteRunner.runSequentially(SuiteRunner.java:450)
	at org.testng.SuiteRunner.privateRun(SuiteRunner.java:415)
	at org.testng.SuiteRunner.run(SuiteRunner.java:364)
	at org.testng.SuiteRunnerWorker.runSuite(SuiteRunnerWorker.java:52)
	at org.testng.SuiteRunnerWorker.run(SuiteRunnerWorker.java:84)
	at org.testng.TestNG.runSuitesSequentially(TestNG.java:1208)
	at org.testng.TestNG.runSuitesLocally(TestNG.java:1137)
	at org.testng.TestNG.runSuites(TestNG.java:1049)
	at org.testng.TestNG.run(TestNG.java:1017)
	at org.testng.remote.AbstractRemoteTestNG.run(AbstractRemoteTestNG.java:114)
	at org.testng.remote.RemoteTestNG.initAndRun(RemoteTestNG.java:251)
	at org.testng.remote.RemoteTestNG.main(RemoteTestNG.java:77)
</div></td></tr></table><p class="totop"><a href="#summary">back to summary</a></p>
<h3 id="m10">com.aperture.testcases.Add_Project_Test#addProjectNegativeCases</h3><table class="result"><tr class="param"><th>Parameter #1</th><th>Parameter #2</th><th>Parameter #3</th><th>Parameter #4</th><th>Parameter #5</th><th>Parameter #6</th><th>Parameter #7</th><th>Parameter #8</th><th>Parameter #9</th><th>Parameter #10</th><th>Parameter #11</th><th>Parameter #12</th><th>Parameter #13</th><th>Parameter #14</th></tr><tr class="param stripe"><td>eeee</td><td>MKNZ()</td><td>Vandana@Jain</td><td>Mckenize 890</td><td>Apperture87348912</td><td>Vandana$Jain</td><td>Vandana%Jain</td><td>Fixed</td><td>Asia</td><td>Functional CMS,Commerce,Manual</td><td>Work in Progress</td><td>PHP PHP PHP PHP PHP</td><td>32-Mar-18</td><td>29-Feb-19</td></tr><tr><th colspan="14">Messages</th></tr><tr><td colspan="14"><div class="messages">Retrying test addProjectNegativeCases with status FAILURE</div></td></tr><tr><th colspan="14">Exception</th></tr><tr><td colspan="14"><div class="stacktrace">java.lang.AssertionError: Customer Project Name Passed
	at org.testng.Assert.fail(Assert.java:96)
	at com.aperture.reusablecode.AssertTest.assertInvalidValue(AssertTest.java:86)
	at com.aperture.testcases.Add_Project_Test.addProjectNegativeCases(Add_Project_Test.java:109)
	at sun.reflect.NativeMethodAccessorImpl.invoke0(Native Method)
	at sun.reflect.NativeMethodAccessorImpl.invoke(Unknown Source)
	at sun.reflect.DelegatingMethodAccessorImpl.invoke(Unknown Source)
	at java.lang.reflect.Method.invoke(Unknown Source)
	at org.testng.internal.MethodInvocationHelper.invokeMethod(MethodInvocationHelper.java:124)
	at org.testng.internal.Invoker.invokeMethod(Invoker.java:583)
	at org.testng.internal.Invoker.invokeTestMethod(Invoker.java:719)
	at org.testng.internal.Invoker.invokeTestMethods(Invoker.java:989)
	at org.testng.internal.TestMethodWorker.invokeTestMethods(TestMethodWorker.java:125)
	at org.testng.internal.TestMethodWorker.run(TestMethodWorker.java:109)
	at org.testng.TestRunner.privateRun(TestRunner.java:648)
	at org.testng.TestRunner.run(TestRunner.java:505)
	at org.testng.SuiteRunner.runTest(SuiteRunner.java:455)
	at org.testng.SuiteRunner.runSequentially(SuiteRunner.java:450)
	at org.testng.SuiteRunner.privateRun(SuiteRunner.java:415)
	at org.testng.SuiteRunner.run(SuiteRunner.java:364)
	at org.testng.SuiteRunnerWorker.runSuite(SuiteRunnerWorker.java:52)
	at org.testng.SuiteRunnerWorker.run(SuiteRunnerWorker.java:84)
	at org.testng.TestNG.runSuitesSequentially(TestNG.java:1208)
	at org.testng.TestNG.runSuitesLocally(TestNG.java:1137)
	at org.testng.TestNG.runSuites(TestNG.java:1049)
	at org.testng.TestNG.run(TestNG.java:1017)
	at org.testng.remote.AbstractRemoteTestNG.run(AbstractRemoteTestNG.java:114)
	at org.testng.remote.RemoteTestNG.initAndRun(RemoteTestNG.java:251)
	at org.testng.remote.RemoteTestNG.main(RemoteTestNG.java:77)
</div></td></tr></table><p class="totop"><a href="#summary">back to summary</a></p>
<h3 id="m11">com.aperture.testcases.Add_Project_Test#addProjectNegativeCases</h3><table class="result"><tr class="param"><th>Parameter #1</th><th>Parameter #2</th><th>Parameter #3</th><th>Parameter #4</th><th>Parameter #5</th><th>Parameter #6</th><th>Parameter #7</th><th>Parameter #8</th><th>Parameter #9</th><th>Parameter #10</th><th>Parameter #11</th><th>Parameter #12</th><th>Parameter #13</th><th>Parameter #14</th></tr><tr class="param stripe"><td>Rodan </td><td>RND#</td><td>Vandana Malik</td><td>Itrack_ _ _</td><td>Apperture  mkl</td><td>Vandana,Jain</td><td>VandanaJain</td><td>Investmemt</td><td>Indiaae</td><td>Fnctional CMS,Cmmerce,Funtional Commerce</td><td>        </td><td>PHP Java $*%*$@)</td><td>05-05-0000</td><td>05-05-0000</td></tr><tr><th colspan="14">Messages</th></tr><tr><td colspan="14"><div class="messages">Retrying test addProjectNegativeCases with status FAILURE</div></td></tr><tr><th colspan="14">Exception</th></tr><tr><td colspan="14"><div class="stacktrace">java.lang.AssertionError: Customer Manager Passed
	at org.testng.Assert.fail(Assert.java:96)
	at com.aperture.reusablecode.AssertTest.assertInvalidValue(AssertTest.java:86)
	at com.aperture.testcases.Add_Project_Test.addProjectNegativeCases(Add_Project_Test.java:107)
	at sun.reflect.NativeMethodAccessorImpl.invoke0(Native Method)
	at sun.reflect.NativeMethodAccessorImpl.invoke(Unknown Source)
	at sun.reflect.DelegatingMethodAccessorImpl.invoke(Unknown Source)
	at java.lang.reflect.Method.invoke(Unknown Source)
	at org.testng.internal.MethodInvocationHelper.invokeMethod(MethodInvocationHelper.java:124)
	at org.testng.internal.Invoker.invokeMethod(Invoker.java:583)
	at org.testng.internal.Invoker.invokeTestMethod(Invoker.java:719)
	at org.testng.internal.Invoker.invokeTestMethods(Invoker.java:989)
	at org.testng.internal.TestMethodWorker.invokeTestMethods(TestMethodWorker.java:125)
	at org.testng.internal.TestMethodWorker.run(TestMethodWorker.java:109)
	at org.testng.TestRunner.privateRun(TestRunner.java:648)
	at org.testng.TestRunner.run(TestRunner.java:505)
	at org.testng.SuiteRunner.runTest(SuiteRunner.java:455)
	at org.testng.SuiteRunner.runSequentially(SuiteRunner.java:450)
	at org.testng.SuiteRunner.privateRun(SuiteRunner.java:415)
	at org.testng.SuiteRunner.run(SuiteRunner.java:364)
	at org.testng.SuiteRunnerWorker.runSuite(SuiteRunnerWorker.java:52)
	at org.testng.SuiteRunnerWorker.run(SuiteRunnerWorker.java:84)
	at org.testng.TestNG.runSuitesSequentially(TestNG.java:1208)
	at org.testng.TestNG.runSuitesLocally(TestNG.java:1137)
	at org.testng.TestNG.runSuites(TestNG.java:1049)
	at org.testng.TestNG.run(TestNG.java:1017)
	at org.testng.remote.AbstractRemoteTestNG.run(AbstractRemoteTestNG.java:114)
	at org.testng.remote.RemoteTestNG.initAndRun(RemoteTestNG.java:251)
	at org.testng.remote.RemoteTestNG.main(RemoteTestNG.java:77)
</div></td></tr></table><p class="totop"><a href="#summary">back to summary</a></p>
<h3 id="m12">com.aperture.testcases.Add_Project_Test#addProjectPositiveCases</h3><table class="result"><tr class="param"><th>Parameter #1</th><th>Parameter #2</th><th>Parameter #3</th><th>Parameter #4</th><th>Parameter #5</th><th>Parameter #6</th><th>Parameter #7</th><th>Parameter #8</th><th>Parameter #9</th><th>Parameter #10</th><th>Parameter #11</th><th>Parameter #12</th><th>Parameter #13</th><th>Parameter #14</th></tr><tr class="param stripe"><td>Rodan + Fields</td><td>RN</td><td>Vandana Jain</td><td>Itrack123</td><td>Apperture123</td><td>Vandana Jain</td><td>Vandana Jain</td><td>Fix Bid</td><td>United States</td><td>Functional CMS,Commerce,Functional Commerce</td><td>Work in Progress</td><td>php java Automation Testing</td><td>05/05/2018</td><td>12/10/2018</td></tr><tr><th colspan="14">Messages</th></tr><tr><td colspan="14"><div class="messages">Retrying test addProjectPositiveCases with status FAILURE</div></td></tr><tr><th colspan="14">Exception</th></tr><tr><td colspan="14"><div class="stacktrace">java.lang.IndexOutOfBoundsException: Index: 2, Size: 2
	at java.util.ArrayList.rangeCheck(Unknown Source)
	at java.util.ArrayList.get(Unknown Source)
	at com.aperture.reusablecode.CommonMethods.enterValues(CommonMethods.java:179)
	at com.aperture.pageobjects.AddProject.enterTechnology(AddProject.java:212)
	at com.aperture.testcases.Add_Project_Test.addProjectPositiveCases(Add_Project_Test.java:77)
	at sun.reflect.NativeMethodAccessorImpl.invoke0(Native Method)
	at sun.reflect.NativeMethodAccessorImpl.invoke(Unknown Source)
	at sun.reflect.DelegatingMethodAccessorImpl.invoke(Unknown Source)
	at java.lang.reflect.Method.invoke(Unknown Source)
	at org.testng.internal.MethodInvocationHelper.invokeMethod(MethodInvocationHelper.java:124)
	at org.testng.internal.Invoker.invokeMethod(Invoker.java:583)
	at org.testng.internal.Invoker.invokeTestMethod(Invoker.java:719)
	at org.testng.internal.Invoker.invokeTestMethods(Invoker.java:989)
	at org.testng.internal.TestMethodWorker.invokeTestMethods(TestMethodWorker.java:125)
	at org.testng.internal.TestMethodWorker.run(TestMethodWorker.java:109)
	at org.testng.TestRunner.privateRun(TestRunner.java:648)
	at org.testng.TestRunner.run(TestRunner.java:505)
	at org.testng.SuiteRunner.runTest(SuiteRunner.java:455)
	at org.testng.SuiteRunner.runSequentially(SuiteRunner.java:450)
	at org.testng.SuiteRunner.privateRun(SuiteRunner.java:415)
	at org.testng.SuiteRunner.run(SuiteRunner.java:364)
	at org.testng.SuiteRunnerWorker.runSuite(SuiteRunnerWorker.java:52)
	at org.testng.SuiteRunnerWorker.run(SuiteRunnerWorker.java:84)
	at org.testng.TestNG.runSuitesSequentially(TestNG.java:1208)
	at org.testng.TestNG.runSuitesLocally(TestNG.java:1137)
	at org.testng.TestNG.runSuites(TestNG.java:1049)
	at org.testng.TestNG.run(TestNG.java:1017)
	at org.testng.remote.AbstractRemoteTestNG.run(AbstractRemoteTestNG.java:114)
	at org.testng.remote.RemoteTestNG.initAndRun(RemoteTestNG.java:251)
	at org.testng.remote.RemoteTestNG.main(RemoteTestNG.java:77)
</div></td></tr></table><p class="totop"><a href="#summary">back to summary</a></p>
<h3 id="m13">com.aperture.testcases.Add_Project_Test#runlogin</h3><table class="result"><tr><th>Messages</th></tr><tr><td><div class="messages">Retrying test runlogin with status FAILURE</div></td></tr><tr><th>Exception</th></tr><tr><td><div class="stacktrace">org.openqa.selenium.StaleElementReferenceException: stale element reference: element is not attached to the page document
  (Session info: chrome=73.0.3683.86)
  (Driver info: chromedriver=73.0.3683.20 (8e2b610813e167eee3619ac4ce6e42e3ec622017),platform=Windows NT 10.0.17134 x86_64) (WARNING: The server did not provide any stacktrace information)
Command duration or timeout: 0 milliseconds
For documentation on this error, please visit: https://www.seleniumhq.org/exceptions/stale_element_reference.html
Build info: version: &apos;3.141.59&apos;, revision: &apos;e82be7d358&apos;, time: &apos;2018-11-14T08:17:03&apos;
System info: host: &apos;NODE923&apos;, ip: &apos;10.210.1.60&apos;, os.name: &apos;Windows 10&apos;, os.arch: &apos;amd64&apos;, os.version: &apos;10.0&apos;, java.version: &apos;1.8.0_201&apos;
Driver info: org.openqa.selenium.chrome.ChromeDriver
Capabilities {acceptInsecureCerts: false, acceptSslCerts: false, applicationCacheEnabled: false, browserConnectionEnabled: false, browserName: chrome, chrome: {chromedriverVersion: 73.0.3683.20 (8e2b610813e16..., userDataDir: C:\Users\VANDAN~1.JAI\AppDa...}, cssSelectorsEnabled: true, databaseEnabled: false, goog:chromeOptions: {debuggerAddress: localhost:52531}, handlesAlerts: true, hasTouchScreen: false, javascriptEnabled: true, locationContextEnabled: true, mobileEmulationEnabled: false, nativeEvents: true, networkConnectionEnabled: false, pageLoadStrategy: normal, platform: XP, platformName: XP, proxy: Proxy(), rotatable: false, setWindowRect: true, strictFileInteractability: false, takesHeapSnapshot: true, takesScreenshot: true, timeouts: {implicit: 0, pageLoad: 300000, script: 30000}, unexpectedAlertBehaviour: ignore, unhandledPromptBehavior: ignore, version: 73.0.3683.86, webStorageEnabled: true}
Session ID: a605cf0b369cfe8b6545113e2a89754e
	at sun.reflect.NativeConstructorAccessorImpl.newInstance0(Native Method)
	at sun.reflect.NativeConstructorAccessorImpl.newInstance(Unknown Source)
	at sun.reflect.DelegatingConstructorAccessorImpl.newInstance(Unknown Source)
	at java.lang.reflect.Constructor.newInstance(Unknown Source)
	at org.openqa.selenium.remote.ErrorHandler.createThrowable(ErrorHandler.java:214)
	at org.openqa.selenium.remote.ErrorHandler.throwIfResponseFailed(ErrorHandler.java:166)
	at org.openqa.selenium.remote.http.JsonHttpResponseCodec.reconstructValue(JsonHttpResponseCodec.java:40)
	at org.openqa.selenium.remote.http.AbstractHttpResponseCodec.decode(AbstractHttpResponseCodec.java:80)
	at org.openqa.selenium.remote.http.AbstractHttpResponseCodec.decode(AbstractHttpResponseCodec.java:44)
	at org.openqa.selenium.remote.HttpCommandExecutor.execute(HttpCommandExecutor.java:158)
	at org.openqa.selenium.remote.service.DriverCommandExecutor.execute(DriverCommandExecutor.java:83)
	at org.openqa.selenium.remote.RemoteWebDriver.execute(RemoteWebDriver.java:552)
	at org.openqa.selenium.remote.RemoteWebElement.execute(RemoteWebElement.java:285)
	at org.openqa.selenium.remote.RemoteWebElement.isDisplayed(RemoteWebElement.java:326)
	at sun.reflect.NativeMethodAccessorImpl.invoke0(Native Method)
	at sun.reflect.NativeMethodAccessorImpl.invoke(Unknown Source)
	at sun.reflect.DelegatingMethodAccessorImpl.invoke(Unknown Source)
	at java.lang.reflect.Method.invoke(Unknown Source)
	at org.openqa.selenium.support.pagefactory.internal.LocatingElementHandler.invoke(LocatingElementHandler.java:51)
	at com.sun.proxy.$Proxy14.isDisplayed(Unknown Source)
	at org.openqa.selenium.support.ui.ExpectedConditions.elementIfVisible(ExpectedConditions.java:314)
	at org.openqa.selenium.support.ui.ExpectedConditions.access$000(ExpectedConditions.java:43)
	at org.openqa.selenium.support.ui.ExpectedConditions$10.apply(ExpectedConditions.java:300)
	at org.openqa.selenium.support.ui.ExpectedConditions$10.apply(ExpectedConditions.java:297)
	at org.openqa.selenium.support.ui.FluentWait.until(FluentWait.java:249)
	at com.aperture.utilities.Waits.waitTillVisibilityOf(Waits.java:23)
	at com.aperture.pageobjects.LoginPage1.setUsername(LoginPage1.java:52)
	at com.aperture.testcases.LoginPage_Test.loginTest(LoginPage_Test.java:20)
	at com.aperture.testcases.Add_Project_Test.runlogin(Add_Project_Test.java:25)
	at sun.reflect.NativeMethodAccessorImpl.invoke0(Native Method)
	at sun.reflect.NativeMethodAccessorImpl.invoke(Unknown Source)
	at sun.reflect.DelegatingMethodAccessorImpl.invoke(Unknown Source)
	at java.lang.reflect.Method.invoke(Unknown Source)
	at org.testng.internal.MethodInvocationHelper.invokeMethod(MethodInvocationHelper.java:124)
	at org.testng.internal.Invoker.invokeMethod(Invoker.java:583)
	at org.testng.internal.Invoker.invokeTestMethod(Invoker.java:719)
	at org.testng.internal.Invoker.invokeTestMethods(Invoker.java:989)
	at org.testng.internal.TestMethodWorker.invokeTestMethods(TestMethodWorker.java:125)
	at org.testng.internal.TestMethodWorker.run(TestMethodWorker.java:109)
	at org.testng.TestRunner.privateRun(TestRunner.java:648)
	at org.testng.TestRunner.run(TestRunner.java:505)
	at org.testng.SuiteRunner.runTest(SuiteRunner.java:455)
	at org.testng.SuiteRunner.runSequentially(SuiteRunner.java:450)
	at org.testng.SuiteRunner.privateRun(SuiteRunner.java:415)
	at org.testng.SuiteRunner.run(SuiteRunner.java:364)
	at org.testng.SuiteRunnerWorker.runSuite(SuiteRunnerWorker.java:52)
	at org.testng.SuiteRunnerWorker.run(SuiteRunnerWorker.java:84)
	at org.testng.TestNG.runSuitesSequentially(TestNG.java:1208)
	at org.testng.TestNG.runSuitesLocally(TestNG.java:1137)
	at org.testng.TestNG.runSuites(TestNG.java:1049)
	at org.testng.TestNG.run(TestNG.java:1017)
	at org.testng.remote.AbstractRemoteTestNG.run(AbstractRemoteTestNG.java:114)
	at org.testng.remote.RemoteTestNG.initAndRun(RemoteTestNG.java:251)
	at org.testng.remote.RemoteTestNG.main(RemoteTestNG.java:77)
</div></td></tr></table><p class="totop"><a href="#summary">back to summary</a></p>
<h3 id="m14">com.aperture.testcases.Add_Project_Test#addProjectPositiveCases</h3><table class="result"><tr class="param"><th>Parameter #1</th><th>Parameter #2</th><th>Parameter #3</th><th>Parameter #4</th><th>Parameter #5</th><th>Parameter #6</th><th>Parameter #7</th><th>Parameter #8</th><th>Parameter #9</th><th>Parameter #10</th><th>Parameter #11</th><th>Parameter #12</th><th>Parameter #13</th><th>Parameter #14</th></tr><tr class="param stripe"><td>Rodan + Fields</td><td>R</td><td>Vandana Jain</td><td>Itrack</td><td>Apperture</td><td>Vandana Jain</td><td>Vandana Jain</td><td>Investment</td><td>India</td><td>Functional CMS,Commerce,Functional Commerce</td><td>Waiting to Start</td><td>PHP Java Selenium</td><td>05/05/2018</td><td>12/10/2018</td></tr><tr><th colspan="14">Messages</th></tr><tr><td colspan="14"><div class="messages">Retrying test addProjectPositiveCases with status SUCCESS</div></td></tr></table><p class="totop"><a href="#summary">back to summary</a></p>
<h3 id="m15">com.aperture.testcases.Add_Project_Test#addProjectPositiveCases</h3><table class="result"><tr class="param"><th>Parameter #1</th><th>Parameter #2</th><th>Parameter #3</th><th>Parameter #4</th><th>Parameter #5</th><th>Parameter #6</th><th>Parameter #7</th><th>Parameter #8</th><th>Parameter #9</th><th>Parameter #10</th><th>Parameter #11</th><th>Parameter #12</th><th>Parameter #13</th><th>Parameter #14</th></tr><tr class="param stripe"><td>Rodan + Fields</td><td>RND</td><td>Vandana Jain</td><td>123Itrack</td><td>Apperture</td><td>Vandana Jain</td><td>Vandana Jain</td><td>Milestone</td><td>United States Minor Outlying Islands</td><td>Functional CMS,Commerce,Functional Commerce</td><td>On Hold</td><td>PHP Java Selenium</td><td>05/05/2018</td><td>12/10/2018</td></tr><tr><th colspan="14">Messages</th></tr><tr><td colspan="14"><div class="messages">Retrying test addProjectPositiveCases with status SUCCESS</div></td></tr></table><p class="totop"><a href="#summary">back to summary</a></p>
<h3 id="m16">com.aperture.testcases.Add_Project_Test#addProjectPositiveCases</h3><table class="result"><tr class="param"><th>Parameter #1</th><th>Parameter #2</th><th>Parameter #3</th><th>Parameter #4</th><th>Parameter #5</th><th>Parameter #6</th><th>Parameter #7</th><th>Parameter #8</th><th>Parameter #9</th><th>Parameter #10</th><th>Parameter #11</th><th>Parameter #12</th><th>Parameter #13</th><th>Parameter #14</th></tr><tr class="param stripe"><td>Rodan + Fields</td><td>RN</td><td>Vandana Jain</td><td>Itrack123</td><td>Apperture123</td><td>Vandana Jain</td><td>Vandana Jain</td><td>Fix Bid</td><td>United States</td><td>Functional CMS,Commerce,Functional Commerce</td><td>Work in Progress</td><td>php java Automation Testing</td><td>05/05/2018</td><td>12/10/2018</td></tr><tr><th colspan="14">Messages</th></tr><tr><td colspan="14"><div class="messages">Retrying test addProjectPositiveCases with status SUCCESS</div></td></tr></table><p class="totop"><a href="#summary">back to summary</a></p>
<h3 id="m17">com.aperture.testcases.Add_Project_Test#addProjectPositiveCases</h3><table class="result"><tr class="param"><th>Parameter #1</th><th>Parameter #2</th><th>Parameter #3</th><th>Parameter #4</th><th>Parameter #5</th><th>Parameter #6</th><th>Parameter #7</th><th>Parameter #8</th><th>Parameter #9</th><th>Parameter #10</th><th>Parameter #11</th><th>Parameter #12</th><th>Parameter #13</th><th>Parameter #14</th></tr><tr class="param stripe"><td>Rodan + Fields</td><td>RNDD</td><td>Vandana Jain</td><td>Itrack</td><td>123Apperture</td><td>Vandana Jain</td><td>Vandana Jain</td><td>Bench</td><td>Bosnia and Herzegovina</td><td>Functional CMS,Commerce,Functional Commerce</td><td>Work in Progress</td><td>PHP Java Selenium</td><td>05/05/2018</td><td>12/10/2018</td></tr><tr><th colspan="14">Messages</th></tr><tr><td colspan="14"><div class="messages">Retrying test addProjectPositiveCases with status SUCCESS</div></td></tr></table><p class="totop"><a href="#summary">back to summary</a></p>
<h3 id="m18">com.aperture.testcases.Add_Project_Test#clickOnAddAccount</h3><table class="result"><tr><th>Messages</th></tr><tr><td><div class="messages">Retrying test clickOnAddAccount with status SUCCESS</div></td></tr></table><p class="totop"><a href="#summary">back to summary</a></p>
<h3 id="m19">com.aperture.testcases.Add_Project_Test#navigate_To_Project</h3><table class="result"><tr><th>Messages</th></tr><tr><td><div class="messages">Retrying test navigate_To_Project with status SUCCESS</div></td></tr></table><p class="totop"><a href="#summary">back to summary</a></p>
<h3 id="m20">com.aperture.testcases.Add_Project_Test#runlogin</h3><table class="result"><tr><th>Messages</th></tr><tr><td><div class="messages">Retrying test runlogin with status SUCCESS</div></td></tr></table><p class="totop"><a href="#summary">back to summary</a></p>
</body>
</html>
